{"total": {"lines":{"total":200,"covered":183,"skipped":0,"pct":91.5},"statements":{"total":212,"covered":192,"skipped":0,"pct":90.56},"functions":{"total":48,"covered":46,"skipped":0,"pct":95.83},"branches":{"total":84,"covered":62,"skipped":0,"pct":73.8},"branchesTrue":{"total":0,"covered":0,"skipped":0,"pct":100}}
,"/home/alfagun74/git/phalcode/gamevault/gamevault-backend/src/modules/metadata/providers/igdb/igdb.metadata-provider.service.ts": {"lines":{"total":90,"covered":84,"skipped":0,"pct":93.33},"functions":{"total":30,"covered":30,"skipped":0,"pct":100},"statements":{"total":94,"covered":86,"skipped":0,"pct":91.48},"branches":{"total":45,"covered":25,"skipped":0,"pct":55.55}}
,"/home/alfagun74/git/phalcode/gamevault/gamevault-backend/src/modules/web-ui/web-ui.service.ts": {"lines":{"total":110,"covered":99,"skipped":0,"pct":90},"functions":{"total":18,"covered":16,"skipped":0,"pct":88.88},"statements":{"total":118,"covered":106,"skipped":0,"pct":89.83},"branches":{"total":39,"covered":37,"skipped":0,"pct":94.87}}
}
